0 info it worked if it ends with ok
1 verbose cli [ '/usr/local/bin/node', '/usr/local/bin/npm', 'run', 'build' ]
2 info using npm@4.0.5
3 info using node@v7.4.0
4 verbose run-script [ 'prebuild', 'build', 'postbuild' ]
5 info lifecycle json-api-client-web@0.0.1~prebuild: json-api-client-web@0.0.1
6 silly lifecycle json-api-client-web@0.0.1~prebuild: no script for prebuild, continuing
7 info lifecycle json-api-client-web@0.0.1~build: json-api-client-web@0.0.1
8 verbose lifecycle json-api-client-web@0.0.1~build: unsafe-perm in lifecycle true
9 verbose lifecycle json-api-client-web@0.0.1~build: PATH: /usr/local/lib/node_modules/npm/bin/node-gyp-bin:/Users/jonbanashek/Projects/fs/universal-fsharp-samples/JsonApi/src/client/node_modules/.bin:/usr/local/bin:/usr/bin:/bin:/usr/sbin:/sbin:/opt/X11/bin:/usr/local/share/dotnet:/usr/local/go/bin:/Library/Frameworks/Mono.framework/Versions/Current/Commands:/usr/texbin:/Users/jonbanashek/Library/Android/sdk/platform-tools:/Users/jonbanashek/Library/Android/sdk/tools:/usr/local/sbin:/usr/local/heroku/bin:/Users/jonbanashek/.rvm/gems/ruby-2.3.0/bin:/Users/jonbanashek/.rvm/gems/ruby-2.3.0@global/bin:/Users/jonbanashek/.rvm/rubies/ruby-2.3.0/bin:/Users/jonbanashek/.pyenv/shims:/Users/jonbanashek/.fzf/bin:/Users/jonbanashek/Projects/golang/bin:/Users/jonbanashek/.rvm/bin
10 verbose lifecycle json-api-client-web@0.0.1~build: CWD: /Users/jonbanashek/Projects/fs/universal-fsharp-samples/JsonApi/src/client
11 silly lifecycle json-api-client-web@0.0.1~build: Args: [ '-c', 'node node_modules/fable-compiler' ]
12 silly lifecycle json-api-client-web@0.0.1~build: Returned: code: 1  signal: null
13 info lifecycle json-api-client-web@0.0.1~build: Failed to exec build script
14 verbose stack Error: json-api-client-web@0.0.1 build: `node node_modules/fable-compiler`
14 verbose stack Exit status 1
14 verbose stack     at EventEmitter.<anonymous> (/usr/local/lib/node_modules/npm/lib/utils/lifecycle.js:279:16)
14 verbose stack     at emitTwo (events.js:106:13)
14 verbose stack     at EventEmitter.emit (events.js:191:7)
14 verbose stack     at ChildProcess.<anonymous> (/usr/local/lib/node_modules/npm/lib/utils/spawn.js:40:14)
14 verbose stack     at emitTwo (events.js:106:13)
14 verbose stack     at ChildProcess.emit (events.js:191:7)
14 verbose stack     at maybeClose (internal/child_process.js:885:16)
14 verbose stack     at Process.ChildProcess._handle.onexit (internal/child_process.js:226:5)
15 verbose pkgid json-api-client-web@0.0.1
16 verbose cwd /Users/jonbanashek/Projects/fs/universal-fsharp-samples/JsonApi/src/client
17 error Darwin 15.6.0
18 error argv "/usr/local/bin/node" "/usr/local/bin/npm" "run" "build"
19 error node v7.4.0
20 error npm  v4.0.5
21 error code ELIFECYCLE
22 error json-api-client-web@0.0.1 build: `node node_modules/fable-compiler`
22 error Exit status 1
23 error Failed at the json-api-client-web@0.0.1 build script 'node node_modules/fable-compiler'.
23 error Make sure you have the latest version of node.js and npm installed.
23 error If you do, this is most likely a problem with the json-api-client-web package,
23 error not with npm itself.
23 error Tell the author that this fails on your system:
23 error     node node_modules/fable-compiler
23 error You can get information on how to open an issue for this project with:
23 error     npm bugs json-api-client-web
23 error Or if that isn't available, you can get their info via:
23 error     npm owner ls json-api-client-web
23 error There is likely additional logging output above.
24 verbose exit [ 1, true ]
